<?xml version="1.0" encoding="UTF-8"?>
<testsuite name="selenus.artemis.token2022.Token2022TlvTest" tests="2" skipped="0" failures="0" errors="0" timestamp="2026-01-03T06:59:37" hostname="codespaces-6e0b81" time="0.085">
  <properties/>
  <testcase name="decode stops at Uninitialized" classname="selenus.artemis.token2022.Token2022TlvTest" time="0.032"/>
  <testcase name="extractExtensions enforces mint padding" classname="selenus.artemis.token2022.Token2022TlvTest" time="0.052"/>
  <system-out><![CDATA[]]></system-out>
  <system-err><![CDATA[]]></system-err>
</testsuite>
