<?xml version="1.0" encoding="UTF-8"?>
<testsuite name="com.selenus.artemis.rpc.RpcRequestFixturesTest" tests="2" skipped="0" failures="0" errors="0" timestamp="2026-01-03T06:59:38" hostname="codespaces-6e0b81" time="0.367">
  <properties/>
  <testcase name="buildsGetLatestBlockhashPayload" classname="com.selenus.artemis.rpc.RpcRequestFixturesTest" time="0.362"/>
  <testcase name="buildsSendTransactionPayload" classname="com.selenus.artemis.rpc.RpcRequestFixturesTest" time="0.004"/>
  <system-out><![CDATA[]]></system-out>
  <system-err><![CDATA[]]></system-err>
</testsuite>
